<?xml version="1.0" encoding="UTF-8"?>
<!-- Generated by org.testng.reporters.JUnitXMLReporter -->
<testsuite hostname="rushikeshp-lap" ignored="0" name="FirefoxTest" tests="1" failures="0" timestamp="2022-05-05T10:07:07 IST" time="0.058" errors="0">
  <testcase name="@BeforeTest setup" time="-1.651725427494E9" classname="com.baseClassObject.baseClass">
    <failure type="org.testng.TestNGException" message="
Parameter &amp;apos;browser&amp;apos; is required by BeforeTest on method setup but has not been marked @Optional or defined
in D:\EclipseProjects\GroceriesEcom\src\test\java\testNG.xml">
      <![CDATA[org.testng.TestNGException: 
Parameter 'browser' is required by BeforeTest on method setup but has not been marked @Optional or defined
in D:\EclipseProjects\GroceriesEcom\src\test\java\testNG.xml
at java.util.concurrent.FutureTask.run(FutureTask.java:266)
at java.util.concurrent.ThreadPoolExecutor.runWorker(ThreadPoolExecutor.java:1142)
at java.util.concurrent.ThreadPoolExecutor$Worker.run(ThreadPoolExecutor.java:617)
at java.lang.Thread.run(Thread.java:745)
... Removed 13 stack frames]]>
    </failure>
  </testcase> <!-- @BeforeTest setup -->
  <testcase name="loadPage" time="0.0" classname="com.baseClassObject.baseClass">
    <skipped/>
  </testcase> <!-- loadPage -->
</testsuite> <!-- FirefoxTest -->
